10 [139998014920640] INFO perfrun.launcher <> - Launcher main begin
11 [139998014920640] INFO perfrun.launcher <> - MessageCatalogInit finished
11 [139998014920640] INFO perfrun.launcher <> - Launcher instance created
11 [139998014920640] INFO perfrun.launcher <> - argc = 6; cmdline = /opt/intel/oneapi/advisor/2023.0.0/bin64/advixe-runss -dump-vdso -r /home/user7/HPCAP/script_prof/e000/hs003 --tmp-dir /tmp/advixe-tmp-user7 
76 [139998014920640] INFO perfrun.launcher <> - create msngr2::ICliToolContext
77 [139998014920640] INFO perfrun.launcher <> - create file finder object
84 [139997890246400] INFO perfrun.launcher <> - plugin [remoteplug] was disabled because it doesn't support the given collection type.
84 [139997890246400] INFO perfrun.launcher <> - plugin [system] was disabled because it doesn't support the given collection type.
84 [139997890246400] INFO perfrun.vdso <> - dumping [vdso] pseudomodule
95 [139997890246400] INFO perfrun.launcher <> - plugin [itt] was disabled because it doesn't support the given collection type.
95 [139997890246400] INFO perfrun.launcher <> - plugin [] was disabled because it doesn't support the given collection type.
95 [139997890246400] INFO perfrun.launcher <> - plugin [gpu] was disabled because it doesn't support the given collection type.
95 [139997890246400] INFO perfrun.launcher <> - plugin [] was disabled because it doesn't support the given collection type.
95 [139997890246400] INFO perfrun.launcher <> - plugin [] was disabled because it doesn't support the given collection type.
95 [139997890246400] INFO perfrun.launcher <> - plugin [] was disabled because it doesn't support the given collection type.
95 [139997890246400] INFO perfrun.launcher <> - plugin [mrte] was disabled because it doesn't support the given collection type.
95 [139997890246400] INFO perfrun.launcher <> - plugin [] was disabled because it doesn't support the given collection type.
95 [139997890246400] INFO perfrun.launcher <> - plugin [] was disabled because it doesn't support the given collection type.
95 [139997890246400] INFO perfrun.launcher <> - plugin [] was disabled because it doesn't support the given collection type.
95 [139997890246400] INFO perfrun.launcher <> - plugin [] was disabled because it doesn't support the given collection type.
95 [139997890246400] INFO perfrun.launcher <> - plugin [] was disabled because it doesn't support the given collection type.
95 [139997890246400] INFO perfrun.launcher <> - plugin [] was disabled because it doesn't support the given collection type.
95 [139997890246400] INFO perfrun.launcher <> - plugin [] was disabled because it doesn't support the given collection type.
95 [139997890246400] INFO perfrun.launcher <> - plugin [tpss] was disabled because it doesn't support the given collection type.
95 [139997890246400] INFO perfrun.launcher <> - plugin [] was disabled because it doesn't support the given collection type.
95 [139997890246400] INFO perfrun.launcher <> - plugin [] was disabled because it doesn't support the given collection type.
95 [139997890246400] INFO perfrun.launcher <> - plugin [] was disabled because it doesn't support the given collection type.
95 [139997890246400] INFO perfrun.launcher <> - plugin [] was disabled because it doesn't support the given collection type.
95 [139997890246400] INFO perfrun.launcher <> - plugin [] was disabled because it doesn't support the given collection type.
95 [139997890246400] INFO perfrun.launcher <> - plugin [] was disabled because it doesn't support the given collection type.
95 [139997890246400] INFO perfrun.launcher <> - plugin [] was disabled because it doesn't support the given collection type.
95 [139997890246400] INFO perfrun.launcher <> - plugin [] was disabled because it doesn't support the given collection type.
95 [139997890246400] INFO perfrun.launcher <> - plugin [] was disabled because it doesn't support the given collection type.
95 [139998014920640] INFO perfrun.launcher <> - Application exit code: 0
95 [139998014920640] INFO perfrun.launcher <> - Exit code: 0
