11 [139632918529984] INFO perfrun.launcher <> - Launcher main begin
12 [139632918529984] INFO perfrun.launcher <> - MessageCatalogInit finished
12 [139632918529984] INFO perfrun.launcher <> - Launcher instance created
12 [139632918529984] INFO perfrun.launcher <> - argc = 7; cmdline = /opt/intel/oneapi/advisor/2023.0.0/bin64/advixe-runss --ui-output-format xml --ui-output-fd 8 --option-file /home/user7/HPCAP/script_prof/e000/hs003/config/runss.options 
78 [139632918529984] INFO perfrun.launcher <> - create msngr2::ICliToolContext
79 [139632918529984] INFO perfrun.launcher <> - create file finder object
79 [139632918529984] INFO perfrun.launcher <> - create a result directory: pattern = /home/user7/HPCAP/script_prof/e000/hs003 pid = 4294967295
80 [139632918529984] INFO perfrun.sdk <> - checked that the directory /home/user7/HPCAP/script_prof/e000/hs003 is a local directory
80 [139632918529984] INFO perfrun.sdk <> - the directory /home/user7/HPCAP/script_prof/e000/hs003 is a local directory with FS type ID 1481003842
82 [139632918529984] INFO perfrun.launcher <> - create data directory = /home/user7/HPCAP/script_prof/e000/hs003/data.0
82 [139632918529984] INFO perfrun.launcher <> - Creating the master collection flag
112 [139632918529984] INFO perfrun.launcher <> - Done creating the master collection flag
120 [139632793855744] INFO perfrun.launcher <> - plugin [remoteplug] was disabled because it doesn't support the given collection type.
121 [139632793855744] INFO perfrun.sdk <> - Allocating TMU :/home/user7/HPCAP/script_prof/e000/hs003/data.0/systemcollector-82700-shavak.sc
121 [139632793855744] INFO perfrun.launcher <> - plugin [] was disabled because it doesn't support the given collection type.
121 [139632793855744] INFO perfrun.launcher <> - plugin [gpu] was disabled because it doesn't support the given collection type.
121 [139632793855744] INFO perfrun.launcher <> - plugin [] was disabled because it doesn't support the given collection type.
121 [139632793855744] INFO perfrun.launcher <> - plugin [] was disabled because it doesn't support the given collection type.
121 [139632793855744] INFO perfrun.launcher <> - plugin [] was disabled because it doesn't support the given collection type.
121 [139632793855744] INFO perfrun.mrte <> - system-wide mode is 0
121 [139632793855744] INFO perfrun.mrte <> - Getting  mrte profiling environment ...
137 [139632793855744] INFO perfrun.mrte <> - INTEL_MRTE_DATA_DIR=/home/user7/HPCAP/script_prof/e000/hs003/data.0
137 [139632793855744] INFO perfrun.mrte <> - INTEL_MRTE_HOST_NAME=shavak
137 [139632793855744] INFO perfrun.mrte <> - JAVA_TOOL_OPTIONS=-agentlib:advixe_tpssmrte_javaprof_1.0 -Dsun.boot.library.path=/opt/intel/oneapi/advisor/2023.0.0/lib32/runtime:/opt/intel/oneapi/advisor/2023.0.0/lib64/runtime
137 [139632793855744] INFO perfrun.mrte <> - LD_LIBRARY_PATH=/opt/intel/oneapi/advisor/2023.0.0/lib32/runtime:/opt/intel/oneapi/advisor/2023.0.0/lib64/runtime:/home/apps/spack/opt/spack/linux-centos7-cascadelake/gcc-11.2.0/gcc-10.1.0-2l445hbxfpqjrh26tpvdberizkcjfk5b/lib64:/home/apps/spack/opt/spack/linux-centos7-cascadelake/gcc-11.2.0/gcc-10.1.0-2l445hbxfpqjrh26tpvdberizkcjfk5b/lib:/home/apps/spack/opt/spack/linux-centos7-cascadelake/gcc-11.2.0/zstd-1.5.0-ne2cm3jtgw4mufivkqvv563g277wn75c/lib:/home/apps/spack/opt/spack/linux-centos7-cascadelake/gcc-11.2.0/mpc-1.1.0-nc6eueq7szjl6ccdzjhpw4wcrvnw3kz7/lib:/home/apps/spack/opt/spack/linux-centos7-cascadelake/gcc-11.2.0/mpfr-4.1.0-2fuyllaokskhpboqrltzacu53lx3u52f/lib:/home/apps/spack/opt/spack/linux-centos7-cascadelake/gcc-11.2.0/gmp-6.2.1-5kpfev4uodg4hvbukbar6qkvkojgskzy/lib:/home/apps/spack/opt/spack/linux-centos7-cascadelake/gcc-11.2.0/cuda-11.5.0-oxw5blb45zjhec53he4qhtifte3a5xhu/lib64:/home/apps/spack/opt/spack/linux-centos7-cascadelake/gcc-11.2.0/libxml2-2.9.12-kay3j2c6lwgtulz5lsosyvyv462cbzil/lib:/home/apps/spack/opt/spack/linux-centos7-cascadelake/gcc-11.2.0/zlib-1.2.11-2r3jtjxvltasn7jh64vhgfg6ikrckiy7/lib:/home/apps/spack/opt/spack/linux-centos7-cascadelake/gcc-11.2.0/xz-5.2.5-ah4yqsq3h4fyip47pjw4vvv4nu3xl7qa/lib:/home/apps/spack/opt/spack/linux-centos7-cascadelake/gcc-11.2.0/libiconv-1.16-mm6aw6xtwmip37hy5h6fikz4gg3mtl4n/lib
137 [139632793855744] INFO perfrun.mrte <> - Data directory: /home/user7/HPCAP/script_prof/e000/hs003/data.0
137 [139632793855744] INFO perfrun.mrte <> - Mrte plugin is initialized
137 [139632793855744] INFO perfrun.launcher <> - plugin [] was disabled because it doesn't support the given collection type.
137 [139632793855744] INFO perfrun.launcher <> - plugin [] was disabled because it doesn't support the given collection type.
137 [139632793855744] INFO perfrun.launcher <> - plugin [] was disabled because it doesn't support the given collection type.
137 [139632793855744] INFO perfrun.launcher <> - plugin [] was disabled because it doesn't support the given collection type.
137 [139632793855744] INFO perfrun.launcher <> - plugin [] was disabled because it doesn't support the given collection type.
137 [139632793855744] INFO perfrun.launcher <> - plugin [] was disabled because it doesn't support the given collection type.
137 [139632793855744] INFO perfrun.launcher <> - plugin [] was disabled because it doesn't support the given collection type.
137 [139632793855744] INFO perfrun.tpss <> - initialize tpss controller
137 [139632793855744] INFO perfrun.tpss <> - configure collection mode: value = cpu:stack
137 [139632793855744] INFO perfrun.tpss <> - default obj-size-min=1024
137 [139632793855744] INFO perfrun.tpss <> - default hash-table-size=0
137 [139632793855744] INFO perfrun.launcher <> - plugin [] was disabled because it doesn't support the given collection type.
137 [139632793855744] INFO perfrun.launcher <> - plugin [] was disabled because it doesn't support the given collection type.
137 [139632793855744] INFO perfrun.launcher <> - plugin [] was disabled because it doesn't support the given collection type.
137 [139632793855744] INFO perfrun.launcher <> - plugin [] was disabled because it doesn't support the given collection type.
137 [139632793855744] INFO perfrun.launcher <> - plugin [] was disabled because it doesn't support the given collection type.
137 [139632793855744] INFO perfrun.launcher <> - plugin [] was disabled because it doesn't support the given collection type.
137 [139632793855744] INFO perfrun.launcher <> - plugin [] was disabled because it doesn't support the given collection type.
137 [139632793855744] INFO perfrun.launcher <> - plugin [] was disabled because it doesn't support the given collection type.
137 [139632793855744] INFO perfrun.launcher <> - plugin [] was disabled because it doesn't support the given collection type.
137 [139632918529984] INFO perfrun.launcher <> - set environment variable: LD_LIBRARY_PATH = /opt/intel/oneapi/advisor/2023.0.0/lib32/runtime:/opt/intel/oneapi/advisor/2023.0.0/lib64/runtime:/home/apps/spack/opt/spack/linux-centos7-cascadelake/gcc-11.2.0/gcc-10.1.0-2l445hbxfpqjrh26tpvdberizkcjfk5b/lib64:/home/apps/spack/opt/spack/linux-centos7-cascadelake/gcc-11.2.0/gcc-10.1.0-2l445hbxfpqjrh26tpvdberizkcjfk5b/lib:/home/apps/spack/opt/spack/linux-centos7-cascadelake/gcc-11.2.0/zstd-1.5.0-ne2cm3jtgw4mufivkqvv563g277wn75c/lib:/home/apps/spack/opt/spack/linux-centos7-cascadelake/gcc-11.2.0/mpc-1.1.0-nc6eueq7szjl6ccdzjhpw4wcrvnw3kz7/lib:/home/apps/spack/opt/spack/linux-centos7-cascadelake/gcc-11.2.0/mpfr-4.1.0-2fuyllaokskhpboqrltzacu53lx3u52f/lib:/home/apps/spack/opt/spack/linux-centos7-cascadelake/gcc-11.2.0/gmp-6.2.1-5kpfev4uodg4hvbukbar6qkvkojgskzy/lib:/home/apps/spack/opt/spack/linux-centos7-cascadelake/gcc-11.2.0/cuda-11.5.0-oxw5blb45zjhec53he4qhtifte3a5xhu/lib64:/home/apps/spack/opt/spack/linux-centos7-cascadelake/gcc-11.2.0/libxml2-2.9.12-kay3j2c6lwgtulz5lsosyvyv462cbzil/lib:/home/apps/spack/opt/spack/linux-centos7-cascadelake/gcc-11.2.0/zlib-1.2.11-2r3jtjxvltasn7jh64vhgfg6ikrckiy7/lib:/home/apps/spack/opt/spack/linux-centos7-cascadelake/gcc-11.2.0/xz-5.2.5-ah4yqsq3h4fyip47pjw4vvv4nu3xl7qa/lib:/home/apps/spack/opt/spack/linux-centos7-cascadelake/gcc-11.2.0/libiconv-1.16-mm6aw6xtwmip37hy5h6fikz4gg3mtl4n/lib
137 [139632918529984] INFO perfrun.launcher <> - set environment variable: INTEL_LIBITTNOTIFY32 = /opt/intel/oneapi/advisor/2023.0.0/lib32/runtime/libittnotify_collector.so
137 [139632918529984] INFO perfrun.launcher <> - set environment variable: INTEL_LIBITTNOTIFY64 = /opt/intel/oneapi/advisor/2023.0.0/lib64/runtime/libittnotify_collector.so
137 [139632918529984] INFO perfrun.launcher <> - set environment variable: INTEL_ITTNOTIFY_GROUPS = 
137 [139632918529984] INFO perfrun.launcher <> - set environment variable: INTEL_JIT_PROFILER32 = /opt/intel/oneapi/advisor/2023.0.0/lib32/runtime/libittnotify_collector.so
137 [139632918529984] INFO perfrun.launcher <> - set environment variable: INTEL_JIT_PROFILER64 = /opt/intel/oneapi/advisor/2023.0.0/lib64/runtime/libittnotify_collector.so
138 [139632918529984] INFO perfrun.launcher <> - set environment variable: OMP_TOOL_LIBRARIES = /opt/intel/oneapi/advisor/2023.0.0/lib32/runtime/libittnotify_collector.so:/opt/intel/oneapi/advisor/2023.0.0/lib64/runtime/libittnotify_collector.so
138 [139632918529984] INFO perfrun.launcher <> - set environment variable: ENABLE_JITPROFILING = 1
138 [139632918529984] INFO perfrun.launcher <> - set environment variable: CL_CONFIG_USE_VTUNE = True
138 [139632918529984] INFO perfrun.launcher <> - set environment variable: KMP_FORKJOIN_FRAMES = 0
138 [139632918529984] INFO perfrun.launcher <> - set environment variable: KMP_FORKJOIN_FRAMES_MODE = 0
138 [139632918529984] INFO perfrun.launcher <> - set environment variable: OMP_TOOL = disabled
138 [139632918529984] INFO perfrun.launcher <> - set environment variable: INTEL_MRTE_DATA_DIR = /home/user7/HPCAP/script_prof/e000/hs003/data.0
138 [139632918529984] INFO perfrun.launcher <> - set environment variable: INTEL_MRTE_HOST_NAME = shavak
138 [139632918529984] INFO perfrun.launcher <> - set environment variable: JAVA_TOOL_OPTIONS = -agentlib:advixe_tpssmrte_javaprof_1.0 -Dsun.boot.library.path=/opt/intel/oneapi/advisor/2023.0.0/lib32/runtime:/opt/intel/oneapi/advisor/2023.0.0/lib64/runtime
138 [139632918529984] INFO perfrun.launcher <> - set environment variable: LD_LIBRARY_PATH = /opt/intel/oneapi/advisor/2023.0.0/lib32/runtime:/opt/intel/oneapi/advisor/2023.0.0/lib64/runtime:/home/apps/spack/opt/spack/linux-centos7-cascadelake/gcc-11.2.0/gcc-10.1.0-2l445hbxfpqjrh26tpvdberizkcjfk5b/lib64:/home/apps/spack/opt/spack/linux-centos7-cascadelake/gcc-11.2.0/gcc-10.1.0-2l445hbxfpqjrh26tpvdberizkcjfk5b/lib:/home/apps/spack/opt/spack/linux-centos7-cascadelake/gcc-11.2.0/zstd-1.5.0-ne2cm3jtgw4mufivkqvv563g277wn75c/lib:/home/apps/spack/opt/spack/linux-centos7-cascadelake/gcc-11.2.0/mpc-1.1.0-nc6eueq7szjl6ccdzjhpw4wcrvnw3kz7/lib:/home/apps/spack/opt/spack/linux-centos7-cascadelake/gcc-11.2.0/mpfr-4.1.0-2fuyllaokskhpboqrltzacu53lx3u52f/lib:/home/apps/spack/opt/spack/linux-centos7-cascadelake/gcc-11.2.0/gmp-6.2.1-5kpfev4uodg4hvbukbar6qkvkojgskzy/lib:/home/apps/spack/opt/spack/linux-centos7-cascadelake/gcc-11.2.0/cuda-11.5.0-oxw5blb45zjhec53he4qhtifte3a5xhu/lib64:/home/apps/spack/opt/spack/linux-centos7-cascadelake/gcc-11.2.0/libxml2-2.9.12-kay3j2c6lwgtulz5lsosyvyv462cbzil/lib:/home/apps/spack/opt/spack/linux-centos7-cascadelake/gcc-11.2.0/zlib-1.2.11-2r3jtjxvltasn7jh64vhgfg6ikrckiy7/lib:/home/apps/spack/opt/spack/linux-centos7-cascadelake/gcc-11.2.0/xz-5.2.5-ah4yqsq3h4fyip47pjw4vvv4nu3xl7qa/lib:/home/apps/spack/opt/spack/linux-centos7-cascadelake/gcc-11.2.0/libiconv-1.16-mm6aw6xtwmip37hy5h6fikz4gg3mtl4n/lib
138 [139632918529984] INFO perfrun.launcher <> - RpcServer: run RPC server to handle requests
139 [139632918529984] INFO perfrun.launcher <> - Launcher: command line to start before modification = ./a.out
139 [139632918529984] INFO perfrun.launcher <> - Launcher: command line to start after modification = /opt/intel/oneapi/advisor/2023.0.0/bin64/pin -error_file /home/user7/HPCAP/script_prof/e000/hs003/data.0/pinerr.tpsslog -detach_reattach -follow_execv -tool_load_option deepbind -t64 /opt/intel/oneapi/advisor/2023.0.0/lib64/libtpsstool.so -t /opt/intel/oneapi/advisor/2023.0.0/lib32/libtpsstool.so -server_name tpss_ipc.82700 -prd_dir /opt/intel/oneapi/advisor/2023.0.0 -- ./a.out
139 [139632918529984] INFO perfrun.launcher <> - ProcessCreator object was created
140 [139632918529984] INFO perfrun.launcher <> - Launcher: the process was started in suspend mode
144 [139632793855744] WARN perfrun.system <> - Could not do anything with /sys/kernel/debug/kvm: boost::filesystem::status: Permission denied: "/sys/kernel/debug/kvm", at file: vcs/perfrun1/plugins/system/src/trace_writer.cpp:787
148 [139632793855744] WARN perfrun.sdk <> - SEP tool is not available, at file: vcs/perfrun1/plugins/pluginsdk/src/device_mapper.cpp:590
148 [139632793855744] WARN perfrun.sdk <> - SEP driver is not available, at file: vcs/perfrun1/plugins/pluginsdk/src/device_mapper.cpp:745
148 [139632793855744] WARN perfrun.sdk <> - amplxe-perf tool is not available, at file: vcs/perfrun1/plugins/pluginsdk/src/device_mapper.cpp:606
148 [139632793855744] WARN perfrun.sdk <> - Device mapping through perf is not available on current kernel, at file: vcs/perfrun1/plugins/pluginsdk/src/device_mapper.cpp:943
152 [139632793855744] WARN perfrun.sdk <> - SEP tool is not available, at file: vcs/perfrun1/plugins/pluginsdk/src/device_mapper.cpp:590
152 [139632793855744] WARN perfrun.sdk <> - SEP driver is not available, at file: vcs/perfrun1/plugins/pluginsdk/src/device_mapper.cpp:745
152 [139632793855744] WARN perfrun.sdk <> - Failed to find xl binary on any of the system paths: /bin, /sbin, /usr/bin, /usr/sbin., at file: vcs/perfrun1/sdk/src/utils.cpp:204
155 [139632793855744] INFO perfrun.vdso <> - Helper runtool '/opt/intel/oneapi/advisor/2023.0.0/bin32/advixe-runss -dump-vdso -r /home/user7/HPCAP/script_prof/e000/hs003 --tmp-dir /tmp/advixe-tmp-user7' returned 1
285 [139632793855744] INFO perfrun.vdso <> - Helper runtool '/opt/intel/oneapi/advisor/2023.0.0/bin64/advixe-runss -dump-vdso -r /home/user7/HPCAP/script_prof/e000/hs003 --tmp-dir /tmp/advixe-tmp-user7' returned 0
285 [139632793855744] INFO perfrun.itt <> - start itt controller for pid #82712
285 [139632793855744] INFO perfrun.tpss <> - start tpss controller for pid #82712
336 [139632918529984] INFO perfrun.launcher <> - Launcher: all plugins were started
336 [139632918529984] INFO perfrun.launcher <> - DirectoryMonitor object was created
336 [139632918529984] INFO perfrun.launcher <> - DirectoryMonitor: a callback was added
336 [139632918529984] INFO perfrun.launcher <> - DirectoryMonitor was started with pingTime = 1000
336 [139632918529984] INFO perfrun.launcher <> - DeadlineTimer is going to be constructed
336 [139632918529984] INFO perfrun.launcher <> - DeadlineTimer: a callback was added
339 [139632918529984] INFO perfrun.launcher <> - Launcher: resume the profiled application and  wait its termination or stop command
469 [139632918529984] INFO perfrun.launcher <> - Launcher: the profiled application was terminated  with exit code = 0
479 [139632793855744] INFO perfrun.itt <> - detach itt controller
479 [139632793855744] INFO perfrun.itt <> - detach itt controller done
479 [139632793855744] INFO perfrun.tpss <> - stop tpss controller
479 [139632793855744] INFO perfrun.sdk <> - De-allocating TMU: /home/user7/HPCAP/script_prof/e000/hs003/data.0/systemcollector-82700-shavak.sc
480 [139632793855744] INFO perfrun.system <> - closed the system trace file: /home/user7/HPCAP/script_prof/e000/hs003/data.0/systemcollector-82700-shavak.sc
480 [139632918529984] INFO perfrun.launcher <> - Launcher: all plugins were stopped.
480 [139632918529984] INFO perfrun.launcher <> - DeadlineTimer is going to be destroyed
480 [139632918529984] INFO perfrun.launcher <> - DeadlineTimer was destroyed
480 [139632918529984] INFO perfrun.launcher <> - DirectoryMonitor object was destroyed
480 [139632918529984] WARN perfrun.launcher <> - Stop command is ignored because it is received when collection is already stopped, at file: vcs/perfrun1/launcher/src/command_handler.cpp:226
481 [139632918529984] INFO perfrun.launcher <> - Application exit code: 0
481 [139632918529984] INFO perfrun.launcher <> - Exit code: 0
